<?xml version="1.0" encoding="UTF-8"?>
<!-- Generated by org.testng.reporters.JUnitReportReporter -->
<testsuite skipped="0" hostname="LAPTOP-BF6CQPM7" name="com.testcases.TC01_PlayerValidation" tests="1" failures="0" timestamp="2022-10-01T13:36:23 IST" time="2.344" errors="0">
  <testcase name="playersValidate" time="2.344" classname="com.testcases.TC01_PlayerValidation"/>
  <system-out/>
</testsuite> <!-- com.testcases.TC01_PlayerValidation -->
