<?xml version="1.0" encoding="UTF-8"?>
<!-- Generated by org.testng.reporters.JUnitReportReporter -->
<testsuite skipped="2" hostname="LAPTOP-BF6CQPM7" name="com.stepdefinations.TC01andTC02" tests="4" failures="0" timestamp="2022-09-30T23:34:40 IST" time="4.485" errors="0">
  <testcase name="add_the_payload_for_the_validation" time="0.611" classname="com.stepdefinations.TC01andTC02"/>
  <system-out/>
  <testcase name="add_the_put_method" time="3.874" classname="com.stepdefinations.TC01andTC02"/>
  <system-out/>
  <testcase name="validate_that_the_team_has_only_four_players_from_foreign" classname="com.stepdefinations.TC01andTC02">
    <skipped/>
  </testcase> <!-- validate_that_the_team_has_only_four_players_from_foreign -->
  <system-out/>
  <testcase name="validate_that_the_team_has_at_least_one_wicket_keeper" classname="com.stepdefinations.TC01andTC02">
    <skipped/>
  </testcase> <!-- validate_that_the_team_has_at_least_one_wicket_keeper -->
  <system-out/>
</testsuite> <!-- com.stepdefinations.TC01andTC02 -->
