<?xml version="1.0" encoding="UTF-8"?>
<!-- Generated by org.testng.reporters.JUnitReportReporter -->
<testsuite skipped="0" hostname="LAPTOP-BF6CQPM7" name="com.testcases.TC02_WicketKeeperValidation" tests="1" failures="0" timestamp="2022-10-01T13:35:28 IST" time="2.855" errors="0">
  <testcase name="wicketKeeperValidate" time="2.855" classname="com.testcases.TC02_WicketKeeperValidation"/>
  <system-out/>
</testsuite> <!-- com.testcases.TC02_WicketKeeperValidation -->
